
Showing logs for build [32mcb-kubecd-environment-bootv3-st-9ktwh-1[0m stage [32mpr-checks[0m and container [32mstep-credential-initializer-2nzs8[0m
{"level":"info","ts":1592575635.2679071,"logger":"fallback-logger","caller":"logging/config.go:69","msg":"Fetch GitHub commit ID from kodata failed: open /var/run/ko/refs/heads/0.8.0-ns-support: no such file or directory"}
{"level":"info","ts":1592575635.2683108,"logger":"fallback-logger","caller":"creds-init/main.go:40","msg":"Credentials initialized."}

Showing logs for build [32mcb-kubecd-environment-bootv3-st-9ktwh-1[0m stage [32mpr-checks[0m and container [32mstep-working-dir-initializer-r6578[0m
{"level":"info","ts":1592575636.653264,"logger":"fallback-logger","caller":"logging/config.go:69","msg":"Fetch GitHub commit ID from kodata failed: open /var/run/ko/HEAD: no such file or directory"}
{"level":"info","ts":1592575636.6543589,"logger":"fallback-logger","caller":"bash/main.go:64","msg":"Successfully executed command \"sh -c mkdir -p /workspace/source\"; output "}

Showing logs for build [32mcb-kubecd-environment-bootv3-st-9ktwh-1[0m stage [32mpr-checks[0m and container [32mstep-place-tools[0m

Showing logs for build [32mcb-kubecd-environment-bootv3-st-9ktwh-1[0m stage [32mpr-checks[0m and container [32mstep-git-source-cb-kubecd-environment-bootv3-st-9ktwh-w4v9c[0m
{"level":"info","ts":1592575641.7665644,"logger":"fallback-logger","caller":"logging/config.go:69","msg":"Fetch GitHub commit ID from kodata failed: open /var/run/ko/refs/heads/0.8.0-ns-support: no such file or directory"}
{"level":"info","ts":1592575643.2139707,"logger":"fallback-logger","caller":"git/git.go:103","msg":"Successfully cloned https://github.com/cb-kubecd/environment-bootv3-staging5.git @ master in path /workspace/source"}

Showing logs for build [32mcb-kubecd-environment-bootv3-st-9ktwh-1[0m stage [32mpr-checks[0m and container [32mstep-git-merge[0m
Using SHAs from PULL_REFS=master:a6f180b95a18c2641ebb455319bec8e72a4ee2ce,9:70357c06f1aef0289a42d48fecd67d90474b9220
DEBUG: LC_ALL=C JX_LOG_LEVEL=error git fetch origin --unshallow 70357c06f1aef0289a42d48fecd67d90474b9220: a6f180b95a18c2641ebb455319bec8e72a4ee2ce:
DEBUG: ran git fetch --unshallow origin 70357c06f1aef0289a42d48fecd67d90474b9220: a6f180b95a18c2641ebb455319bec8e72a4ee2ce: in 
DEBUG: LC_ALL=C JX_LOG_LEVEL=error git branch
DEBUG: LC_ALL=C JX_LOG_LEVEL=error git checkout master
DEBUG: ran git checkout master in 
DEBUG: LC_ALL=C JX_LOG_LEVEL=error git reset --hard a6f180b95a18c2641ebb455319bec8e72a4ee2ce
DEBUG: ran git reset --hard a6f180b95a18c2641ebb455319bec8e72a4ee2ce in 
DEBUG: LC_ALL=C JX_LOG_LEVEL=error git clean -fd .
DEBUG: ran clean --force -d . in 
DEBUG: LC_ALL=C JX_LOG_LEVEL=error git merge 70357c06f1aef0289a42d48fecd67d90474b9220
DEBUG: ran git merge 70357c06f1aef0289a42d48fecd67d90474b9220 in 
DEBUG: JX_LOG_LEVEL=error LC_ALL=C git log --format=%H%x1f%an%x1f%ae%x1f%cn%x1f%ce%x1f%s%n%b%x1e a6f180b95a18c2641ebb455319bec8e72a4ee2ce..HEAD
Merged SHA 70357c06f1aef0289a42d48fecd67d90474b9220 with commit message 'chore: Promote nodey481 to version 0.0.1' into base branch master

Showing logs for build [32mcb-kubecd-environment-bootv3-st-9ktwh-1[0m stage [32mpr-checks[0m and container [32mstep-verify-secrets[0m
created directory /secrets/**-boot
loaded Secrets from: Google Secret Manager for secret bootv3-staging5-boot-secret
exported Secrets to file: /secrets/**-boot/secrets.yaml

Showing logs for build [32mcb-kubecd-environment-bootv3-st-9ktwh-1[0m stage [32mpr-checks[0m and container [32mstep-create-helmfile[0m

Showing logs for build [32mcb-kubecd-environment-bootv3-st-9ktwh-1[0m stage [32mpr-checks[0m and container [32mstep-lint-helmfile-system[0m
Adding repo dev http://chartmuseum-**.34.78.195.22.nip.io
"dev" has been added to your repositories

Adding repo **-labs gs://jenkinsxio-labs-private/charts
"**-labs" has been added to your repositories

Adding repo stable https://kubernetes-charts.storage.googleapis.com
"stable" has been added to your repositories

Updating repo
Hang tight while we grab the latest from your chart repositories...
...Successfully got an update from the "dev" chart repository
...Successfully got an update from the "**-labs" chart repository
...Successfully got an update from the "stable" chart repository
Update Complete. âˆ Happy Helming!âˆ 

Fetching **-labs/jenkins-x-crds
Fetching stable/nginx-ingress
Linting release=jenkins-x-crds, chart=/tmp/622771106/jenkins-x-crds/0.0.1/**-labs/jenkins-x-crds/jenkins-x-crds
==> Linting /tmp/622771106/jenkins-x-crds/0.0.1/**-labs/jenkins-x-crds/jenkins-x-crds

1 chart(s) linted, 0 chart(s) failed

Linting release=nginx-ingress, chart=/tmp/622771106/nginx-ingress/1.36.3/stable/nginx-ingress/nginx-ingress
==> Linting /tmp/622771106/nginx-ingress/1.36.3/stable/nginx-ingress/nginx-ingress

1 chart(s) linted, 0 chart(s) failed


Showing logs for build [32mcb-kubecd-environment-bootv3-st-9ktwh-1[0m stage [32mpr-checks[0m and container [32mstep-lint-helmfile-apps[0m
Adding repo dev http://chartmuseum-**.34.78.195.22.nip.io
"dev" has been added to your repositories

Adding repo jenkins-x https://storage.googleapis.com/chartmuseum.jenkins-x.io
"jenkins-x" has been added to your repositories

Adding repo jenkins-x http://chartmuseum.jenkins-x.io
"jenkins-x" has been added to your repositories

Updating repo
Hang tight while we grab the latest from your chart repositories...
...Successfully got an update from the "dev" chart repository
...Successfully got an update from the "jenkins-x" chart repository
Update Complete. âˆ Happy Helming!âˆ 

Fetching jenkins-x/**boot-helmfile-resources
Fetching jenkins-x/lighthouse
Fetching jenkins-x/tekton
Fetching dev/nodey451
Fetching dev/nodey481
Linting release=**boot-helmfile-resources, chart=/tmp/430778872/**boot-helmfile-resources/0.0.193/jenkins-x/**boot-helmfile-resources/**boot-helmfile-resources
==> Linting /tmp/430778872/**boot-helmfile-resources/0.0.193/jenkins-x/**boot-helmfile-resources/**boot-helmfile-resources

1 chart(s) linted, 0 chart(s) failed

Linting release=lighthouse, chart=/tmp/430778872/lighthouse/0.0.594/jenkins-x/lighthouse/lighthouse
==> Linting /tmp/430778872/lighthouse/0.0.594/jenkins-x/lighthouse/lighthouse

1 chart(s) linted, 0 chart(s) failed

Linting release=tekton, chart=/tmp/430778872/tekton/0.0.54/jenkins-x/tekton/tekton
==> Linting /tmp/430778872/tekton/0.0.54/jenkins-x/tekton/tekton

1 chart(s) linted, 0 chart(s) failed

Linting release=nodey451, chart=/tmp/430778872/nodey451/0.0.8/dev/nodey451/nodey451
==> Linting /tmp/430778872/nodey451/0.0.8/dev/nodey451/nodey451

1 chart(s) linted, 0 chart(s) failed

Linting release=nodey481, chart=/tmp/430778872/nodey481/0.0.1/dev/nodey481/nodey481
==> Linting /tmp/430778872/nodey481/0.0.1/dev/nodey481/nodey481

1 chart(s) linted, 0 chart(s) failed

