
Showing logs for build [32mcb-kubecd-environment-bootv3-st-rzkmz-1[0m stage [32mpr-checks[0m and container [32mstep-credential-initializer-h4l7l[0m
{"level":"info","ts":1592545419.5369241,"logger":"fallback-logger","caller":"logging/config.go:69","msg":"Fetch GitHub commit ID from kodata failed: open /var/run/ko/refs/heads/0.8.0-ns-support: no such file or directory"}
{"level":"info","ts":1592545419.5374246,"logger":"fallback-logger","caller":"creds-init/main.go:40","msg":"Credentials initialized."}

Showing logs for build [32mcb-kubecd-environment-bootv3-st-rzkmz-1[0m stage [32mpr-checks[0m and container [32mstep-working-dir-initializer-qll7p[0m
{"level":"info","ts":1592545420.819125,"logger":"fallback-logger","caller":"logging/config.go:69","msg":"Fetch GitHub commit ID from kodata failed: open /var/run/ko/HEAD: no such file or directory"}
{"level":"info","ts":1592545420.8200293,"logger":"fallback-logger","caller":"bash/main.go:64","msg":"Successfully executed command \"sh -c mkdir -p /workspace/source\"; output "}

Showing logs for build [32mcb-kubecd-environment-bootv3-st-rzkmz-1[0m stage [32mpr-checks[0m and container [32mstep-place-tools[0m

Showing logs for build [32mcb-kubecd-environment-bootv3-st-rzkmz-1[0m stage [32mpr-checks[0m and container [32mstep-git-source-cb-kubecd-environment-bootv3-st-rzkmz-jbjrb[0m
{"level":"info","ts":1592545426.9248302,"logger":"fallback-logger","caller":"logging/config.go:69","msg":"Fetch GitHub commit ID from kodata failed: open /var/run/ko/refs/heads/0.8.0-ns-support: no such file or directory"}
{"level":"info","ts":1592545428.382586,"logger":"fallback-logger","caller":"git/git.go:103","msg":"Successfully cloned https://github.com/cb-kubecd/environment-bootv3-staging5.git @ master in path /workspace/source"}

Showing logs for build [32mcb-kubecd-environment-bootv3-st-rzkmz-1[0m stage [32mpr-checks[0m and container [32mstep-git-merge[0m
Using SHAs from PULL_REFS=master:80a1fa0234948c2ce5ed357dd2dea82236d92e3c,2:00b6b8c90f29583bb733f767d7a5cb1ec5a83ebe
DEBUG: LC_ALL=C JX_LOG_LEVEL=error git fetch origin --unshallow 00b6b8c90f29583bb733f767d7a5cb1ec5a83ebe: 80a1fa0234948c2ce5ed357dd2dea82236d92e3c:
DEBUG: ran git fetch --unshallow origin 00b6b8c90f29583bb733f767d7a5cb1ec5a83ebe: 80a1fa0234948c2ce5ed357dd2dea82236d92e3c: in 
DEBUG: LC_ALL=C JX_LOG_LEVEL=error git branch
DEBUG: LC_ALL=C JX_LOG_LEVEL=error git checkout master
DEBUG: ran git checkout master in 
DEBUG: LC_ALL=C JX_LOG_LEVEL=error git reset --hard 80a1fa0234948c2ce5ed357dd2dea82236d92e3c
DEBUG: ran git reset --hard 80a1fa0234948c2ce5ed357dd2dea82236d92e3c in 
DEBUG: LC_ALL=C JX_LOG_LEVEL=error git clean -fd .
DEBUG: ran clean --force -d . in 
DEBUG: LC_ALL=C JX_LOG_LEVEL=error git merge 00b6b8c90f29583bb733f767d7a5cb1ec5a83ebe
DEBUG: ran git merge 00b6b8c90f29583bb733f767d7a5cb1ec5a83ebe in 
DEBUG: LC_ALL=C JX_LOG_LEVEL=error git log --format=%H%x1f%an%x1f%ae%x1f%cn%x1f%ce%x1f%s%n%b%x1e 80a1fa0234948c2ce5ed357dd2dea82236d92e3c..HEAD
Merged SHA 00b6b8c90f29583bb733f767d7a5cb1ec5a83ebe with commit message 'chore: Promote nodey481 to version 0.0.1' into base branch master

Showing logs for build [32mcb-kubecd-environment-bootv3-st-rzkmz-1[0m stage [32mpr-checks[0m and container [32mstep-verify-secrets[0m
created directory /secrets/**-boot
loaded Secrets from: Google Secret Manager for secret bootv3-staging5-boot-secret
exported Secrets to file: /secrets/**-boot/secrets.yaml

Showing logs for build [32mcb-kubecd-environment-bootv3-st-rzkmz-1[0m stage [32mpr-checks[0m and container [32mstep-create-helmfile[0m

Showing logs for build [32mcb-kubecd-environment-bootv3-st-rzkmz-1[0m stage [32mpr-checks[0m and container [32mstep-lint-helmfile-system[0m
Adding repo dev http://chartmuseum-**.34.78.195.22.nip.io
"dev" has been added to your repositories

Adding repo **-labs gs://jenkinsxio-labs-private/charts
"**-labs" has been added to your repositories

Adding repo stable https://kubernetes-charts.storage.googleapis.com
"stable" has been added to your repositories

Updating repo
Hang tight while we grab the latest from your chart repositories...
...Successfully got an update from the "dev" chart repository
...Successfully got an update from the "**-labs" chart repository
...Successfully got an update from the "stable" chart repository
Update Complete. ⎈ Happy Helming!⎈ 

Fetching **-labs/jenkins-x-crds
Fetching stable/nginx-ingress
Linting release=jenkins-x-crds, chart=/tmp/039040288/jenkins-x-crds/0.0.1/**-labs/jenkins-x-crds/jenkins-x-crds
==> Linting /tmp/039040288/jenkins-x-crds/0.0.1/**-labs/jenkins-x-crds/jenkins-x-crds

1 chart(s) linted, 0 chart(s) failed

Linting release=nginx-ingress, chart=/tmp/039040288/nginx-ingress/1.36.3/stable/nginx-ingress/nginx-ingress
==> Linting /tmp/039040288/nginx-ingress/1.36.3/stable/nginx-ingress/nginx-ingress

1 chart(s) linted, 0 chart(s) failed


Showing logs for build [32mcb-kubecd-environment-bootv3-st-rzkmz-1[0m stage [32mpr-checks[0m and container [32mstep-lint-helmfile-apps[0m
Adding repo dev http://chartmuseum-**.34.78.195.22.nip.io
"dev" has been added to your repositories

Adding repo jenkins-x https://storage.googleapis.com/chartmuseum.jenkins-x.io
"jenkins-x" has been added to your repositories

Adding repo jenkins-x http://chartmuseum.jenkins-x.io
"jenkins-x" has been added to your repositories

Updating repo
Hang tight while we grab the latest from your chart repositories...
...Successfully got an update from the "dev" chart repository
...Successfully got an update from the "jenkins-x" chart repository
Update Complete. ⎈ Happy Helming!⎈ 

Fetching jenkins-x/lighthouse
Fetching jenkins-x/**boot-helmfile-resources
Fetching dev/nodey451
Fetching dev/nodey481
Fetching jenkins-x/tekton
in ./helmfile.yaml: 2 errors:
err 0: the following cmd exited with status 1:
  /usr/local/bin/helm helm fetch dev/nodey481 --version 0.0.1 --untar --untardir /tmp/650479217/nodey481/0.0.1/dev/nodey481

  Error: chart "nodey481" matching 0.0.1 not found in dev index. (try 'helm repo update'): no chart name found
[31m
Pipeline failed on stage 'pr-checks' : container 'step-lint-helmfile-apps'. The execution of the pipeline has stopped.[0m
