
Showing logs for build [32mcb-kubecd-environment-bootv3-st-dssqx-1[0m stage [32mpr-checks[0m and container [32mstep-credential-initializer-59t5t[0m
{"level":"info","ts":1592569868.9868786,"logger":"fallback-logger","caller":"logging/config.go:69","msg":"Fetch GitHub commit ID from kodata failed: open /var/run/ko/refs/heads/0.8.0-ns-support: no such file or directory"}
{"level":"info","ts":1592569868.9877164,"logger":"fallback-logger","caller":"creds-init/main.go:40","msg":"Credentials initialized."}

Showing logs for build [32mcb-kubecd-environment-bootv3-st-dssqx-1[0m stage [32mpr-checks[0m and container [32mstep-working-dir-initializer-k6g4h[0m
{"level":"info","ts":1592569869.6514206,"logger":"fallback-logger","caller":"logging/config.go:69","msg":"Fetch GitHub commit ID from kodata failed: open /var/run/ko/HEAD: no such file or directory"}
{"level":"info","ts":1592569869.652614,"logger":"fallback-logger","caller":"bash/main.go:64","msg":"Successfully executed command \"sh -c mkdir -p /workspace/source\"; output "}

Showing logs for build [32mcb-kubecd-environment-bootv3-st-dssqx-1[0m stage [32mpr-checks[0m and container [32mstep-place-tools[0m

Showing logs for build [32mcb-kubecd-environment-bootv3-st-dssqx-1[0m stage [32mpr-checks[0m and container [32mstep-git-source-cb-kubecd-environment-bootv3-st-dssqx-7f5p4[0m
{"level":"info","ts":1592569875.8068347,"logger":"fallback-logger","caller":"logging/config.go:69","msg":"Fetch GitHub commit ID from kodata failed: open /var/run/ko/refs/heads/0.8.0-ns-support: no such file or directory"}
{"level":"info","ts":1592569877.2942204,"logger":"fallback-logger","caller":"git/git.go:103","msg":"Successfully cloned https://github.com/cb-kubecd/environment-bootv3-staging5.git @ master in path /workspace/source"}

Showing logs for build [32mcb-kubecd-environment-bootv3-st-dssqx-1[0m stage [32mpr-checks[0m and container [32mstep-git-merge[0m
Using SHAs from PULL_REFS=master:a6f180b95a18c2641ebb455319bec8e72a4ee2ce,6:7dae4029447e6c3e4d2625ff56b43093cb48b3f6
DEBUG: JX_LOG_LEVEL=error LC_ALL=C git fetch origin --unshallow 7dae4029447e6c3e4d2625ff56b43093cb48b3f6: a6f180b95a18c2641ebb455319bec8e72a4ee2ce:
DEBUG: ran git fetch --unshallow origin 7dae4029447e6c3e4d2625ff56b43093cb48b3f6: a6f180b95a18c2641ebb455319bec8e72a4ee2ce: in 
DEBUG: LC_ALL=C JX_LOG_LEVEL=error git branch
DEBUG: LC_ALL=C JX_LOG_LEVEL=error git checkout master
DEBUG: ran git checkout master in 
DEBUG: LC_ALL=C JX_LOG_LEVEL=error git reset --hard a6f180b95a18c2641ebb455319bec8e72a4ee2ce
DEBUG: ran git reset --hard a6f180b95a18c2641ebb455319bec8e72a4ee2ce in 
DEBUG: LC_ALL=C JX_LOG_LEVEL=error git clean -fd .
DEBUG: ran clean --force -d . in 
DEBUG: LC_ALL=C JX_LOG_LEVEL=error git merge 7dae4029447e6c3e4d2625ff56b43093cb48b3f6
DEBUG: ran git merge 7dae4029447e6c3e4d2625ff56b43093cb48b3f6 in 
DEBUG: LC_ALL=C JX_LOG_LEVEL=error git log --format=%H%x1f%an%x1f%ae%x1f%cn%x1f%ce%x1f%s%n%b%x1e a6f180b95a18c2641ebb455319bec8e72a4ee2ce..HEAD
Merged SHA 7dae4029447e6c3e4d2625ff56b43093cb48b3f6 with commit message 'chore: Promote nodey481 to version 0.0.3' into base branch master

Showing logs for build [32mcb-kubecd-environment-bootv3-st-dssqx-1[0m stage [32mpr-checks[0m and container [32mstep-verify-secrets[0m
created directory /secrets/**-boot
loaded Secrets from: Google Secret Manager for secret bootv3-staging5-boot-secret
exported Secrets to file: /secrets/**-boot/secrets.yaml

Showing logs for build [32mcb-kubecd-environment-bootv3-st-dssqx-1[0m stage [32mpr-checks[0m and container [32mstep-create-helmfile[0m

Showing logs for build [32mcb-kubecd-environment-bootv3-st-dssqx-1[0m stage [32mpr-checks[0m and container [32mstep-lint-helmfile-system[0m
Adding repo dev http://chartmuseum-**.34.78.195.22.nip.io
"dev" has been added to your repositories

Adding repo **-labs gs://jenkinsxio-labs-private/charts
"**-labs" has been added to your repositories

Adding repo stable https://kubernetes-charts.storage.googleapis.com
"stable" has been added to your repositories

Updating repo
Hang tight while we grab the latest from your chart repositories...
...Successfully got an update from the "dev" chart repository
...Successfully got an update from the "**-labs" chart repository
...Successfully got an update from the "stable" chart repository
Update Complete. ⎈ Happy Helming!⎈ 

Fetching stable/nginx-ingress
Fetching **-labs/jenkins-x-crds
Linting release=jenkins-x-crds, chart=/tmp/049229381/jenkins-x-crds/0.0.1/**-labs/jenkins-x-crds/jenkins-x-crds
==> Linting /tmp/049229381/jenkins-x-crds/0.0.1/**-labs/jenkins-x-crds/jenkins-x-crds

1 chart(s) linted, 0 chart(s) failed

Linting release=nginx-ingress, chart=/tmp/049229381/nginx-ingress/1.36.3/stable/nginx-ingress/nginx-ingress
==> Linting /tmp/049229381/nginx-ingress/1.36.3/stable/nginx-ingress/nginx-ingress

1 chart(s) linted, 0 chart(s) failed


Showing logs for build [32mcb-kubecd-environment-bootv3-st-dssqx-1[0m stage [32mpr-checks[0m and container [32mstep-lint-helmfile-apps[0m
Adding repo dev http://chartmuseum-**.34.78.195.22.nip.io
"dev" has been added to your repositories

Adding repo jenkins-x https://storage.googleapis.com/chartmuseum.jenkins-x.io
"jenkins-x" has been added to your repositories

Adding repo jenkins-x http://chartmuseum.jenkins-x.io
"jenkins-x" has been added to your repositories

Updating repo
Hang tight while we grab the latest from your chart repositories...
...Successfully got an update from the "dev" chart repository
...Successfully got an update from the "jenkins-x" chart repository
Update Complete. ⎈ Happy Helming!⎈ 

Fetching jenkins-x/**boot-helmfile-resources
Fetching jenkins-x/tekton
Fetching jenkins-x/lighthouse
Fetching dev/nodey451
Fetching dev/nodey481
in ./helmfile.yaml: 2 errors:
err 0: the following cmd exited with status 1:
  /usr/local/bin/helm helm fetch dev/nodey481 --version 0.0.3 --untar --untardir /tmp/251795248/nodey481/0.0.3/dev/nodey481

  Error: chart "nodey481" matching 0.0.3 not found in dev index. (try 'helm repo update'): no chart version found for nodey481-0.0.3
[31m
Pipeline failed on stage 'pr-checks' : container 'step-lint-helmfile-apps'. The execution of the pipeline has stopped.[0m
