
Showing logs for build [32mcb-kubecd-environment-bootv3-st-5cz4w-1[0m stage [32mpr-checks[0m and container [32mstep-credential-initializer-cdwbw[0m
{"level":"info","ts":1592566975.1208394,"logger":"fallback-logger","caller":"logging/config.go:69","msg":"Fetch GitHub commit ID from kodata failed: open /var/run/ko/refs/heads/0.8.0-ns-support: no such file or directory"}
{"level":"info","ts":1592566975.1216817,"logger":"fallback-logger","caller":"creds-init/main.go:40","msg":"Credentials initialized."}

Showing logs for build [32mcb-kubecd-environment-bootv3-st-5cz4w-1[0m stage [32mpr-checks[0m and container [32mstep-working-dir-initializer-76zlg[0m
{"level":"info","ts":1592566975.5680323,"logger":"fallback-logger","caller":"logging/config.go:69","msg":"Fetch GitHub commit ID from kodata failed: open /var/run/ko/HEAD: no such file or directory"}
{"level":"info","ts":1592566975.5691543,"logger":"fallback-logger","caller":"bash/main.go:64","msg":"Successfully executed command \"sh -c mkdir -p /workspace/source\"; output "}

Showing logs for build [32mcb-kubecd-environment-bootv3-st-5cz4w-1[0m stage [32mpr-checks[0m and container [32mstep-place-tools[0m

Showing logs for build [32mcb-kubecd-environment-bootv3-st-5cz4w-1[0m stage [32mpr-checks[0m and container [32mstep-git-source-cb-kubecd-environment-bootv3-st-5cz4w-qlmpt[0m
{"level":"info","ts":1592566980.6198218,"logger":"fallback-logger","caller":"logging/config.go:69","msg":"Fetch GitHub commit ID from kodata failed: open /var/run/ko/refs/heads/0.8.0-ns-support: no such file or directory"}
{"level":"info","ts":1592566982.2684379,"logger":"fallback-logger","caller":"git/git.go:103","msg":"Successfully cloned https://github.com/cb-kubecd/environment-bootv3-staging5.git @ master in path /workspace/source"}

Showing logs for build [32mcb-kubecd-environment-bootv3-st-5cz4w-1[0m stage [32mpr-checks[0m and container [32mstep-git-merge[0m
Using SHAs from PULL_REFS=master:4d719edf478560bb48eca6f6ec4acff299762a78,3:e1c7deec44bdf748b8698dc7af39310889ace45f
DEBUG: LC_ALL=C JX_LOG_LEVEL=error git fetch origin --unshallow e1c7deec44bdf748b8698dc7af39310889ace45f: 4d719edf478560bb48eca6f6ec4acff299762a78:
DEBUG: ran git fetch --unshallow origin e1c7deec44bdf748b8698dc7af39310889ace45f: 4d719edf478560bb48eca6f6ec4acff299762a78: in 
DEBUG: LC_ALL=C JX_LOG_LEVEL=error git branch
DEBUG: LC_ALL=C JX_LOG_LEVEL=error git checkout master
DEBUG: ran git checkout master in 
DEBUG: LC_ALL=C JX_LOG_LEVEL=error git reset --hard 4d719edf478560bb48eca6f6ec4acff299762a78
DEBUG: ran git reset --hard 4d719edf478560bb48eca6f6ec4acff299762a78 in 
DEBUG: LC_ALL=C JX_LOG_LEVEL=error git clean -fd .
DEBUG: ran clean --force -d . in 
DEBUG: LC_ALL=C JX_LOG_LEVEL=error git merge e1c7deec44bdf748b8698dc7af39310889ace45f
DEBUG: ran git merge e1c7deec44bdf748b8698dc7af39310889ace45f in 
DEBUG: LC_ALL=C JX_LOG_LEVEL=error git log --format=%H%x1f%an%x1f%ae%x1f%cn%x1f%ce%x1f%s%n%b%x1e 4d719edf478560bb48eca6f6ec4acff299762a78..HEAD
Merged SHA e1c7deec44bdf748b8698dc7af39310889ace45f with commit message 'chore: Promote nodey481 to version 0.0.2' into base branch master

Showing logs for build [32mcb-kubecd-environment-bootv3-st-5cz4w-1[0m stage [32mpr-checks[0m and container [32mstep-verify-secrets[0m
created directory /secrets/**-boot
loaded Secrets from: Google Secret Manager for secret bootv3-staging5-boot-secret
exported Secrets to file: /secrets/**-boot/secrets.yaml

Showing logs for build [32mcb-kubecd-environment-bootv3-st-5cz4w-1[0m stage [32mpr-checks[0m and container [32mstep-create-helmfile[0m

Showing logs for build [32mcb-kubecd-environment-bootv3-st-5cz4w-1[0m stage [32mpr-checks[0m and container [32mstep-lint-helmfile-system[0m
Adding repo dev http://chartmuseum-**.34.78.195.22.nip.io
"dev" has been added to your repositories

Adding repo **-labs gs://jenkinsxio-labs-private/charts
"**-labs" has been added to your repositories

Adding repo stable https://kubernetes-charts.storage.googleapis.com
"stable" has been added to your repositories

Updating repo
Hang tight while we grab the latest from your chart repositories...
...Successfully got an update from the "dev" chart repository
...Successfully got an update from the "**-labs" chart repository
...Successfully got an update from the "stable" chart repository
Update Complete. ⎈ Happy Helming!⎈ 

Fetching **-labs/jenkins-x-crds
Fetching stable/nginx-ingress
Linting release=jenkins-x-crds, chart=/tmp/074135395/jenkins-x-crds/0.0.1/**-labs/jenkins-x-crds/jenkins-x-crds
==> Linting /tmp/074135395/jenkins-x-crds/0.0.1/**-labs/jenkins-x-crds/jenkins-x-crds

1 chart(s) linted, 0 chart(s) failed

Linting release=nginx-ingress, chart=/tmp/074135395/nginx-ingress/1.36.3/stable/nginx-ingress/nginx-ingress
==> Linting /tmp/074135395/nginx-ingress/1.36.3/stable/nginx-ingress/nginx-ingress

1 chart(s) linted, 0 chart(s) failed


Showing logs for build [32mcb-kubecd-environment-bootv3-st-5cz4w-1[0m stage [32mpr-checks[0m and container [32mstep-lint-helmfile-apps[0m
Adding repo dev http://chartmuseum-**.34.78.195.22.nip.io
"dev" has been added to your repositories

Adding repo jenkins-x http://chartmuseum.jenkins-x.io
"jenkins-x" has been added to your repositories

Adding repo jenkins-x https://storage.googleapis.com/chartmuseum.jenkins-x.io
"jenkins-x" has been added to your repositories

Updating repo
Hang tight while we grab the latest from your chart repositories...
...Successfully got an update from the "dev" chart repository
...Successfully got an update from the "jenkins-x" chart repository
Update Complete. ⎈ Happy Helming!⎈ 

Fetching jenkins-x/**boot-helmfile-resources
Fetching dev/nodey481
Fetching jenkins-x/lighthouse
Fetching dev/nodey451
Fetching jenkins-x/tekton
in ./helmfile.yaml: 2 errors:
err 0: the following cmd exited with status 1:
  /usr/local/bin/helm helm fetch dev/nodey481 --version 0.0.2 --untar --untardir /tmp/543331385/nodey481/0.0.2/dev/nodey481

  Error: chart "nodey481" matching 0.0.2 not found in dev index. (try 'helm repo update'): no chart name found
[31m
Pipeline failed on stage 'pr-checks' : container 'step-lint-helmfile-apps'. The execution of the pipeline has stopped.[0m
