
Showing logs for build [32mcb-kubecd-environment-bootv3-st-vm7gz-3[0m stage [32mrelease[0m and container [32mstep-credential-initializer-886z2[0m
{"level":"info","ts":1592569579.0176713,"logger":"fallback-logger","caller":"logging/config.go:69","msg":"Fetch GitHub commit ID from kodata failed: open /var/run/ko/refs/heads/0.8.0-ns-support: no such file or directory"}
{"level":"info","ts":1592569579.018711,"logger":"fallback-logger","caller":"creds-init/main.go:40","msg":"Credentials initialized."}

Showing logs for build [32mcb-kubecd-environment-bootv3-st-vm7gz-3[0m stage [32mrelease[0m and container [32mstep-working-dir-initializer-lqqvq[0m
{"level":"info","ts":1592569579.9960692,"logger":"fallback-logger","caller":"logging/config.go:69","msg":"Fetch GitHub commit ID from kodata failed: open /var/run/ko/HEAD: no such file or directory"}
{"level":"info","ts":1592569579.9971595,"logger":"fallback-logger","caller":"bash/main.go:64","msg":"Successfully executed command \"sh -c mkdir -p /workspace/source\"; output "}

Showing logs for build [32mcb-kubecd-environment-bootv3-st-vm7gz-3[0m stage [32mrelease[0m and container [32mstep-place-tools[0m

Showing logs for build [32mcb-kubecd-environment-bootv3-st-vm7gz-3[0m stage [32mrelease[0m and container [32mstep-git-source-cb-kubecd-environment-bootv3-st-vm7gz-gkk69[0m
{"level":"info","ts":1592569589.1600456,"logger":"fallback-logger","caller":"logging/config.go:69","msg":"Fetch GitHub commit ID from kodata failed: open /var/run/ko/refs/heads/0.8.0-ns-support: no such file or directory"}
{"level":"info","ts":1592569590.690863,"logger":"fallback-logger","caller":"git/git.go:103","msg":"Successfully cloned https://github.com/cb-kubecd/environment-bootv3-staging5.git @ v0.0.3 in path /workspace/source"}

Showing logs for build [32mcb-kubecd-environment-bootv3-st-vm7gz-3[0m stage [32mrelease[0m and container [32mstep-git-merge[0m
Using SHAs from PULL_REFS=master:a6f180b95a18c2641ebb455319bec8e72a4ee2ce
WARNING: no SHAs to merge, falling back to initial cloned commit

Showing logs for build [32mcb-kubecd-environment-bootv3-st-vm7gz-3[0m stage [32mrelease[0m and container [32mstep-verify-secrets[0m
created directory /secrets/**-boot
loaded Secrets from: Google Secret Manager for secret bootv3-staging5-boot-secret
exported Secrets to file: /secrets/**-boot/secrets.yaml

Showing logs for build [32mcb-kubecd-environment-bootv3-st-vm7gz-3[0m stage [32mrelease[0m and container [32mstep-validate-git[0m
Git configured for user: jenkins-x-bot and email jenkins-x@googlegroups.com

Showing logs for build [32mcb-kubecd-environment-bootv3-st-vm7gz-3[0m stage [32mrelease[0m and container [32mstep-verify-preinstall[0m
no need to reconnect to cluster
writing the following to the OWNERS file for the development environment repository:
approvers:
- jstrachan
reviewers:
- jstrachan
The provided requirements file has 'strictPermissions' enabled but 'provider' is not Openshift.
This feature is only supported on Openshift
WARNING: TLS is not enabled so your webhooks will be called using HTTP. This means your webhook secret will be sent to your cluster in the clear. See https://jenkins-x.io/docs/getting-started/setup/boot/#ingress for more information
Verifying the kubernetes cluster before we try to boot Jenkins X in namespace: **
Trying to lazily create any missing resources to get the current cluster ready to boot Jenkins X
Verifying Ingress...
The provided requirements file has 'strictPermissions' enabled but 'provider' is not Openshift.
This feature is only supported on Openshift

Using namespace '**' from context named '' on server ''.

Verifying Storage...
WARNING: Your requirements have not enabled cloud storage for logs - we recommend enabling this for kubernetes provider gke
WARNING: Your requirements have not enabled cloud storage for reports - we recommend enabling this for kubernetes provider gke
WARNING: Your requirements have not enabled cloud storage for repository - we recommend enabling this for kubernetes provider gke
WARNING: Your requirements have not enabled cloud storage for backup - we recommend enabling this for kubernetes provider gke
Storage configuration looks good

verified there is a ConfigMap config in namespace **
verified there is a ConfigMap plugins in namespace **
Cluster looks good, you are ready to '** boot' now!


Showing logs for build [32mcb-kubecd-environment-bootv3-st-vm7gz-3[0m stage [32mrelease[0m and container [32mstep-generate-helmfile[0m

Showing logs for build [32mcb-kubecd-environment-bootv3-st-vm7gz-3[0m stage [32mrelease[0m and container [32mstep-helmfile-system-diff[0m
Adding repo dev http://chartmuseum-**.34.78.195.22.nip.io
"dev" has been added to your repositories

Adding repo **-labs gs://jenkinsxio-labs-private/charts
"**-labs" has been added to your repositories

Adding repo stable https://kubernetes-charts.storage.googleapis.com
"stable" has been added to your repositories

Updating repo
Hang tight while we grab the latest from your chart repositories...
...Successfully got an update from the "dev" chart repository
...Successfully got an update from the "**-labs" chart repository
...Successfully got an update from the "stable" chart repository
Update Complete. ⎈ Happy Helming!⎈ 

Comparing release=jenkins-x-crds, chart=**-labs/jenkins-x-crds
Comparing release=nginx-ingress, chart=stable/nginx-ingress

Showing logs for build [32mcb-kubecd-environment-bootv3-st-vm7gz-3[0m stage [32mrelease[0m and container [32mstep-helmfile-system[0m
Adding repo dev http://chartmuseum-**.34.78.195.22.nip.io
"dev" has been added to your repositories

Adding repo **-labs gs://jenkinsxio-labs-private/charts
"**-labs" has been added to your repositories

Adding repo stable https://kubernetes-charts.storage.googleapis.com
"stable" has been added to your repositories

Updating repo
Hang tight while we grab the latest from your chart repositories...
...Successfully got an update from the "dev" chart repository
...Successfully got an update from the "**-labs" chart repository
...Successfully got an update from the "stable" chart repository
Update Complete. ⎈ Happy Helming!⎈ 

Affected releases are:
  jenkins-x-crds (**-labs/jenkins-x-crds) UPDATED
  nginx-ingress (stable/nginx-ingress) UPDATED

Upgrading release=jenkins-x-crds, chart=**-labs/jenkins-x-crds
Upgrading release=nginx-ingress, chart=stable/nginx-ingress
Listing releases matching ^nginx-ingress$
Release "nginx-ingress" has been upgraded. Happy Helming!
NAME: nginx-ingress
LAST DEPLOYED: Fri Jun 19 12:27:03 2020
NAMESPACE: nginx
STATUS: deployed
REVISION: 4
TEST SUITE: None
NOTES:
The nginx-ingress controller has been installed.
It may take a few minutes for the LoadBalancer IP to be available.
You can watch the status by running 'kubectl --namespace nginx get services -o wide -w nginx-ingress-controller'

An example Ingress that makes use of the controller:

  apiVersion: extensions/v1beta1
  kind: Ingress
  metadata:
    annotations:
      kubernetes.io/ingress.class: nginx
    name: example
    namespace: foo
  spec:
    rules:
      - host: www.example.com
        http:
          paths:
            - backend:
                serviceName: exampleService
                servicePort: 80
              path: /
    # This section is only required if TLS is to be enabled for the Ingress
    tls:
        - hosts:
            - www.example.com
          secretName: example-tls

If TLS is enabled for the Ingress, a Secret containing the certificate and key must also be provided:

  apiVersion: v1
  kind: Secret
  metadata:
    name: example-tls
    namespace: foo
  data:
    tls.crt: <base64 encoded cert>
    tls.key: <base64 encoded key>
  type: kubernetes.io/tls

nginx-ingress	nginx    	4       	2020-06-19 12:27:03.39092655 +0000 UTC	deployed	nginx-ingress-1.36.3	0.30.0     

Listing releases matching ^jenkins-x-crds$
Release "jenkins-x-crds" has been upgraded. Happy Helming!
NAME: jenkins-x-crds
LAST DEPLOYED: Fri Jun 19 12:27:03 2020
NAMESPACE: **
STATUS: deployed
REVISION: 4
TEST SUITE: None

jenkins-x-crds	**       	4       	2020-06-19 12:27:03.661159242 +0000 UTC	deployed	jenkins-x-crds-0.0.1	0.0.1      


UPDATED RELEASES:
NAME             CHART                    VERSION
nginx-ingress    stable/nginx-ingress      1.36.3
jenkins-x-crds   **-labs/jenkins-x-crds     0.0.1


Showing logs for build [32mcb-kubecd-environment-bootv3-st-vm7gz-3[0m stage [32mrelease[0m and container [32mstep-verify-ingress[0m
Waiting to find the external host name of the ingress controller Service in namespace nginx with name nginx-ingress-controller
No domain flag provided so using default 34.77.176.97.nip.io to generate Ingress rules
defaulting the domain to 34.77.176.97.nip.io and modified /workspace/source/**-requirements.yml

Showing logs for build [32mcb-kubecd-environment-bootv3-st-vm7gz-3[0m stage [32mrelease[0m and container [32mstep-helm-label-repositories[0m

Showing logs for build [32mcb-kubecd-environment-bootv3-st-vm7gz-3[0m stage [32mrelease[0m and container [32mstep-helmfile-apps-diff[0m
Adding repo dev http://chartmuseum-**.34.78.195.22.nip.io
"dev" has been added to your repositories

Adding repo jenkins-x https://storage.googleapis.com/chartmuseum.jenkins-x.io
"jenkins-x" has been added to your repositories

Adding repo jenkins-x http://chartmuseum.jenkins-x.io
"jenkins-x" has been added to your repositories

Updating repo
Hang tight while we grab the latest from your chart repositories...
...Successfully got an update from the "dev" chart repository
...Successfully got an update from the "**-labs" chart repository
...Successfully got an update from the "jenkins-x" chart repository
...Successfully got an update from the "stable" chart repository
Update Complete. ⎈ Happy Helming!⎈ 

Comparing release=nodey481, chart=dev/nodey481
Comparing release=lighthouse, chart=jenkins-x/lighthouse
Comparing release=nodey451, chart=dev/nodey451
Comparing release=tekton, chart=jenkins-x/tekton
Comparing release=**boot-helmfile-resources, chart=jenkins-x/**boot-helmfile-resources
********************

	Release was not present in Helm.  Diff will show entire contents as new.

********************
[33m**, nodey481, Service (v1) has been added:[0m
[31m- [0m
[32m+ # Source: nodey481/templates/service.yaml[0m
[32m+ apiVersion: v1[0m
[32m+ kind: Service[0m
[32m+ metadata:[0m
[32m+   name: nodey481[0m
[32m+   labels:[0m
[32m+     chart: "nodey481-0.0.1"[0m
[32m+   annotations:[0m
[32m+     fabric8.io/expose: "true"[0m
[32m+     fabric8.io/ingress.annotations: 'kubernetes.io/ingress.class: nginx'[0m
[32m+ spec:[0m
[32m+   type: ClusterIP[0m
[32m+   ports:[0m
[32m+   - port: 80[0m
[32m+     targetPort: 8080[0m
[32m+     protocol: TCP[0m
[32m+     name: http[0m
[32m+   selector:[0m
[32m+     app: nodey481-nodey481[0m
[33m**, nodey481-nodey481, Deployment (apps) has been added:[0m
[31m- [0m
[32m+ # Source: nodey481/templates/deployment.yaml[0m
[32m+ apiVersion: apps/v1[0m
[32m+ kind: Deployment[0m
[32m+ metadata:[0m
[32m+   name: nodey481-nodey481[0m
[32m+   labels:[0m
[32m+     draft: draft-app[0m
[32m+     chart: "nodey481-0.0.1"[0m
[32m+ spec:[0m
[32m+   selector:[0m
[32m+     matchLabels:[0m
[32m+       app: nodey481-nodey481[0m
[32m+   replicas: 1[0m
[32m+   template:[0m
[32m+     metadata:[0m
[32m+       labels:[0m
[32m+         draft: draft-app[0m
[32m+         app: nodey481-nodey481[0m
[32m+     spec:[0m
[32m+       containers:[0m
[32m+       - name: nodey481[0m
[32m+         image: "gcr.io/jstrachan-multicluster/nodey481:0.0.1"[0m
[32m+         imagePullPolicy: IfNotPresent[0m
[32m+         env:[0m
[32m+         envFrom:[0m
[32m+           null[0m
[32m+         ports:[0m
[32m+         - containerPort: 8080[0m
[32m+         livenessProbe:[0m
[32m+           httpGet:[0m
[32m+             path: /[0m
[32m+             port: 8080[0m
[32m+           initialDelaySeconds: 60[0m
[32m+           periodSeconds: 10[0m
[32m+           successThreshold: 1[0m
[32m+           timeoutSeconds: 1[0m
[32m+         readinessProbe:[0m
[32m+           httpGet:[0m
[32m+             path: /[0m
[32m+             port: 8080[0m
[32m+           periodSeconds: 10[0m
[32m+           successThreshold: 1[0m
[32m+           timeoutSeconds: 1[0m
[32m+         resources:[0m
[32m+             limits:[0m
[32m+               cpu: 400m[0m
[32m+               memory: 256Mi[0m
[32m+             requests:[0m
[32m+               cpu: 200m[0m
[32m+               memory: 128Mi[0m
[32m+       terminationGracePeriodSeconds:[0m
[33m**, nodey481, Ingress (extensions) has been added:[0m
[31m- [0m
[32m+ # Source: nodey481/templates/ingress.yaml[0m
[32m+ apiVersion: extensions/v1beta1[0m
[32m+ kind: Ingress[0m
[32m+ metadata:[0m
[32m+   annotations:[0m
[32m+     kubernetes.io/ingress.class: nginx[0m
[32m+   name: nodey481[0m
[32m+ spec:[0m
[32m+   rules:[0m
[32m+   - host: nodey481-**.34.77.176.97.nip.io[0m
[32m+     http:[0m
[32m+       paths:[0m
[32m+       - backend:[0m
[32m+           serviceName: nodey481[0m
[32m+           servicePort: 80[0m
[33m**, nodey481-0.0.1, Release (jenkins.io) has been added:[0m
[31m- [0m
[32m+ # Source: nodey481/templates/release.yaml[0m
[32m+ apiVersion: jenkins.io/v1[0m
[32m+ kind: Release[0m
[32m+ metadata:[0m
[32m+   creationTimestamp: "2020-06-19T12:06:54Z"[0m
[32m+   deletionTimestamp: null[0m
[32m+   name: 'nodey481-0.0.1'[0m
[32m+ spec:[0m
[32m+   commits:[0m
[32m+   - author: **[0m
[32m+     branch: master[0m
[32m+     committer: **[0m
[32m+     message: Update README.md[0m
[32m+     sha: 38e526dea214d1a507f73b6012293d7f09449650[0m
[32m+   - author: **[0m
[32m+     branch: master[0m
[32m+     committer: **[0m
[32m+     message: Update README.md[0m
[32m+     sha: e5a920aba932717641c15d89d5b763467cd3fe65[0m
[32m+   - author: **[0m
[32m+     branch: master[0m
[32m+     committer: **[0m
[32m+     message: Update README.md[0m
[32m+     sha: 6dbc029f8e808a1f8fea8eec886f18ac73799894[0m
[32m+   - author: **[0m
[32m+     branch: master[0m
[32m+     committer: **[0m
[32m+     message: |[0m
[32m+       fix: try new promote image[0m
[32m+     sha: 45364ab2ab3e9282aa00767c579300c8943d8f76[0m
[32m+   - author: **[0m
[32m+     branch: master[0m
[32m+     committer: **[0m
[32m+     message: |[0m
[32m+       Jenkins X build pack[0m
[32m+     sha: 7fe4c299372770b88f14f2ac1acd23af9f7bc0b7[0m
[32m+   gitCloneUrl: https://github.com/jstrachan/nodey481.git[0m
[32m+   gitHttpUrl: https://github.com/jstrachan/nodey481[0m
[32m+   gitOwner: jstrachan[0m
[32m+   gitRepository: nodey481[0m
[32m+   name: 'nodey481'[0m
[32m+   releaseNotesURL: https://github.com/jstrachan/nodey481/releases/tag/v0.0.1[0m
[32m+   version: v0.0.1[0m
[32m+ status: **[0m


Showing logs for build [32mcb-kubecd-environment-bootv3-st-vm7gz-3[0m stage [32mrelease[0m and container [32mstep-helmfile-apps[0m
Adding repo dev http://chartmuseum-**.34.78.195.22.nip.io
"dev" has been added to your repositories

Adding repo jenkins-x https://storage.googleapis.com/chartmuseum.jenkins-x.io
"jenkins-x" has been added to your repositories

Adding repo jenkins-x http://chartmuseum.jenkins-x.io
"jenkins-x" has been added to your repositories

Updating repo
Hang tight while we grab the latest from your chart repositories...
...Successfully got an update from the "dev" chart repository
...Successfully got an update from the "**-labs" chart repository
...Successfully got an update from the "stable" chart repository
...Successfully got an update from the "jenkins-x" chart repository
Update Complete. ⎈ Happy Helming!⎈ 

Affected releases are:
  **boot-helmfile-resources (jenkins-x/**boot-helmfile-resources) UPDATED
  lighthouse (jenkins-x/lighthouse) UPDATED
  nodey451 (dev/nodey451) UPDATED
  nodey481 (dev/nodey481) UPDATED
  tekton (jenkins-x/tekton) UPDATED

Upgrading release=tekton, chart=jenkins-x/tekton
Upgrading release=nodey451, chart=dev/nodey451
Upgrading release=nodey481, chart=dev/nodey481
Upgrading release=**boot-helmfile-resources, chart=jenkins-x/**boot-helmfile-resources
Upgrading release=lighthouse, chart=jenkins-x/lighthouse
Release "nodey451" has been upgraded. Happy Helming!
NAME: nodey451
LAST DEPLOYED: Fri Jun 19 12:27:39 2020
NAMESPACE: **
STATUS: deployed
REVISION: 2
TEST SUITE: None
NOTES:
Get the application URL by running these commands:

kubectl get ingress nodey451-nodey451

Listing releases matching ^nodey451$
nodey451	**       	2       	2020-06-19 12:27:39.645185122 +0000 UTC	deployed	nodey451-0.0.8	0.0.8      

Listing releases matching ^tekton$
Release "tekton" has been upgraded. Happy Helming!
NAME: tekton
LAST DEPLOYED: Fri Jun 19 12:27:42 2020
NAMESPACE: **
STATUS: deployed
REVISION: 3
TEST SUITE: None
NOTES:
Tekton Pipelines

Listing releases matching ^lighthouse$
Release "lighthouse" has been upgraded. Happy Helming!
NAME: lighthouse
LAST DEPLOYED: Fri Jun 19 12:27:43 2020
NAMESPACE: **
STATUS: deployed
REVISION: 3
TEST SUITE: None
NOTES:
Get the application URL by running these commands:

kubectl get ingress lighthouse-lighthouse

tekton	**       	3       	2020-06-19 12:27:42.716784902 +0000 UTC	deployed	tekton-0.0.54	           

lighthouse	**       	3       	2020-06-19 12:27:43.107109508 +0000 UTC	deployed	lighthouse-0.0.594	0.0.594    

Release "**boot-helmfile-resources" has been upgraded. Happy Helming!
NAME: **boot-helmfile-resources
LAST DEPLOYED: Fri Jun 19 12:27:43 2020
NAMESPACE: **
STATUS: deployed
REVISION: 3
TEST SUITE: None

Listing releases matching ^**boot-helmfile-resources$
**boot-helmfile-resources	**       	3       	2020-06-19 12:27:43.082655866 +0000 UTC	deployed	**boot-helmfile-resources-0.0.193	           

Release "nodey481" does not exist. Installing it now.
NAME: nodey481
LAST DEPLOYED: Fri Jun 19 12:27:39 2020
NAMESPACE: **
STATUS: deployed
REVISION: 1
TEST SUITE: None
NOTES:
Get the application URL by running these commands:

kubectl get ingress nodey481-nodey481

Listing releases matching ^nodey481$
nodey481	**       	1       	2020-06-19 12:27:39.405445789 +0000 UTC	deployed	nodey481-0.0.1	0.0.1      


UPDATED RELEASES:
NAME                        CHART                                 VERSION
nodey451                    dev/nodey451                            0.0.8
tekton                      jenkins-x/tekton                       0.0.54
lighthouse                  jenkins-x/lighthouse                  0.0.594
**boot-helmfile-resources   jenkins-x/**boot-helmfile-resources   0.0.193
nodey481                    dev/nodey481                            0.0.1


Showing logs for build [32mcb-kubecd-environment-bootv3-st-vm7gz-3[0m stage [32mrelease[0m and container [32mstep-git-creds[0m
Generated Git credentials file /builder/home/git/credentials

Showing logs for build [32mcb-kubecd-environment-bootv3-st-vm7gz-3[0m stage [32mrelease[0m and container [32mstep-verify-jenkins-x-environment[0m
Storing the requirements in team settings in the dev environment
Environment git repositories look good


Showing logs for build [32mcb-kubecd-environment-bootv3-st-vm7gz-3[0m stage [32mrelease[0m and container [32mstep-install-pipelines[0m

Showing logs for build [32mcb-kubecd-environment-bootv3-st-vm7gz-3[0m stage [32mrelease[0m and container [32mstep-helm-annotate[0m
loading secrets from /secrets/**-boot/secrets.yaml to get the github user/token
Installing plugin helm-annotate version 0.0.11 for command ** helm-annotate from https://******************:****************************************@api.github.com/repos/jenkins-x/helm-annotate/releases/assets/20231730 into /home/.**/plugins/bin
annotated Deployment nodey481-nodey481 in namespace **
processed 9 helm releases

Showing logs for build [32mcb-kubecd-environment-bootv3-st-vm7gz-3[0m stage [32mrelease[0m and container [32mstep-verify-dns[0m
Checking DNS resolution for chartmuseum-**.34.77.176.97.nip.io
chartmuseum-**.34.77.176.97.nip.io resolved
Checking DNS resolution for hook-**.34.77.176.97.nip.io
hook-**.34.77.176.97.nip.io resolved
Checking DNS resolution for nexus-**.34.77.176.97.nip.io
nexus-**.34.77.176.97.nip.io resolved
Checking DNS resolution for nodey451-**.34.77.176.97.nip.io
nodey451-**.34.77.176.97.nip.io resolved
Checking DNS resolution for nodey481-**.34.77.176.97.nip.io
nodey481-**.34.77.176.97.nip.io resolved

Showing logs for build [32mcb-kubecd-environment-bootv3-st-vm7gz-3[0m stage [32mrelease[0m and container [32mstep-update-webhooks[0m
DEBUG: Finding service url for hook in namespace **
DEBUG: Couldn't find service url, attempting to look up via ingress
DEBUG: found service url http://hook-**.34.77.176.97.nip.io
Updating webhooks for Owner: cb-kubecd and Repository: environment-bootv3-staging5 in git server: https://github.com
Checking hooks for repository cb-kubecd/environment-bootv3-staging5 with user ******************
Found matching hook for url http://hook-**.34.77.176.97.nip.io/hook
Updating GitHub webhook for cb-kubecd/environment-bootv3-staging5 for url http://hook-**.34.77.176.97.nip.io/hook

Showing logs for build [32mcb-kubecd-environment-bootv3-st-vm7gz-3[0m stage [32mrelease[0m and container [32mstep-verify-installation[0m
verifying the Jenkins X installation in namespace **
verifying pods
Checking pod statuses
POD                                                        STATUS
**boot-helmfile-resources-controllerbuild-55fd49ddd5-5w2td Running
**boot-helmfile-resources-controllerrole-79579fd8d6-wtf5r  Running
**boot-helmfile-resources-gcactivities-1592568000-cftf4    Succeeded
**boot-helmfile-resources-gcpods-1592568000-tlgzc          Succeeded
**boot-helmfile-resources-gcpreviews-1592568000-6ptsp      Succeeded
lighthouse-foghorn-5c4bd47475-v6wld                        Running
lighthouse-keeper-f8f6f4c4d-4dr2q                          Running
lighthouse-webhooks-7b55c4b866-x5l7k                       Running
lighthouse-webhooks-7b55c4b866-xcgnc                       Running
nodey451-nodey451-547fd7d75b-zlddw                         Running
nodey481-nodey481-799898bf5f-dhcrc                         Running
tekton-pipelines-controller-88c7cd9d5-v8pvc                Running
Verifying the git config
Verifying username ****************** at git server github at https://github.com
Found 5 organisations in git server https://github.com: cb-kubecd, cloudbees, jenkins-x, jenkins-x-labs, jenkins-x-labs-bdd-tests
Validated pipeline user ****************** on git server https://github.com
Git tokens seem to be setup correctly
Installation is currently looking: GOOD
